2020-07-28 23:06:40,604 INFO org.springframework.boot.StartupInfoLogger [restartedMain] Starting ApiApplication on gleidson-accer with PID 16289 (/home/gleidson/IdeaProjects/dbc-1/api/build/classes/java/main started by gleidson in /home/gleidson/IdeaProjects/dbc-1/api)
2020-07-28 23:06:40,606 INFO org.springframework.boot.SpringApplication [restartedMain] No active profile set, falling back to default profiles: default
2020-07-28 23:06:40,635 INFO org.springframework.boot.logging.DeferredLog [restartedMain] Devtools property defaults active! Set 'spring.devtools.add-properties' to 'false' to disable
2020-07-28 23:06:40,635 INFO org.springframework.boot.logging.DeferredLog [restartedMain] For additional web related logging consider setting the 'logging.level.web' property to 'DEBUG'
2020-07-28 23:06:41,287 INFO org.springframework.data.repository.config.RepositoryConfigurationDelegate [restartedMain] Multiple Spring Data modules found, entering strict repository configuration mode!
2020-07-28 23:06:41,287 INFO org.springframework.data.repository.config.RepositoryConfigurationDelegate [restartedMain] Bootstrapping Spring Data JDBC repositories in DEFAULT mode.
2020-07-28 23:06:41,299 INFO org.springframework.data.repository.config.RepositoryConfigurationDelegate [restartedMain] Finished Spring Data repository scanning in 9ms. Found 0 JDBC repository interfaces.
2020-07-28 23:06:41,307 INFO org.springframework.data.repository.config.RepositoryConfigurationDelegate [restartedMain] Multiple Spring Data modules found, entering strict repository configuration mode!
2020-07-28 23:06:41,308 INFO org.springframework.data.repository.config.RepositoryConfigurationDelegate [restartedMain] Bootstrapping Spring Data JPA repositories in DEFERRED mode.
2020-07-28 23:06:41,314 INFO org.springframework.data.repository.config.RepositoryConfigurationDelegate [restartedMain] Finished Spring Data repository scanning in 2ms. Found 0 JPA repository interfaces.
2020-07-28 23:06:41,830 INFO org.springframework.boot.web.embedded.tomcat.TomcatWebServer [restartedMain] Tomcat initialized with port(s): 8080 (http)
2020-07-28 23:06:41,837 INFO org.apache.juli.logging.DirectJDKLog [restartedMain] Initializing ProtocolHandler ["http-nio-8080"]
2020-07-28 23:06:41,838 INFO org.apache.juli.logging.DirectJDKLog [restartedMain] Starting service [Tomcat]
2020-07-28 23:06:41,838 INFO org.apache.juli.logging.DirectJDKLog [restartedMain] Starting Servlet engine: [Apache Tomcat/9.0.37]
2020-07-28 23:06:41,912 INFO org.apache.juli.logging.DirectJDKLog [restartedMain] Initializing Spring embedded WebApplicationContext
2020-07-28 23:06:41,913 INFO org.springframework.boot.web.servlet.context.ServletWebServerApplicationContext [restartedMain] Root WebApplicationContext: initialization completed in 1277 ms
2020-07-28 23:06:42,068 INFO com.zaxxer.hikari.HikariDataSource [restartedMain] HikariPool-1 - Starting...
2020-07-28 23:06:42,135 INFO com.zaxxer.hikari.HikariDataSource [restartedMain] HikariPool-1 - Start completed.
2020-07-28 23:06:42,142 INFO org.springframework.boot.autoconfigure.h2.H2ConsoleAutoConfiguration [restartedMain] H2 console available at '/h2-console'. Database available at 'jdbc:postgresql://localhost:5432/sicred'
2020-07-28 23:06:42,301 INFO org.flywaydb.core.internal.logging.slf4j.Slf4jLog [restartedMain] Flyway Community Edition 6.4.4 by Redgate
2020-07-28 23:06:42,308 INFO org.flywaydb.core.internal.logging.slf4j.Slf4jLog [restartedMain] Database: jdbc:postgresql://localhost:5432/sicred (PostgreSQL 12.3)
2020-07-28 23:06:42,323 INFO org.flywaydb.core.internal.logging.slf4j.Slf4jLog [restartedMain] Successfully validated 0 migrations (execution time 00:00.005s)
2020-07-28 23:06:42,323 WARN org.flywaydb.core.internal.logging.slf4j.Slf4jLog [restartedMain] No migrations found. Are your locations set up correctly?
2020-07-28 23:06:42,329 INFO org.flywaydb.core.internal.logging.slf4j.Slf4jLog [restartedMain] Current version of schema "public": << Empty Schema >>
2020-07-28 23:06:42,330 INFO org.flywaydb.core.internal.logging.slf4j.Slf4jLog [restartedMain] Schema "public" is up to date. No migration necessary.
2020-07-28 23:06:42,427 INFO org.springframework.scheduling.concurrent.ExecutorConfigurationSupport [restartedMain] Initializing ExecutorService 'applicationTaskExecutor'
2020-07-28 23:06:42,465 INFO org.hibernate.jpa.internal.util.LogHelper [task-1] HHH000204: Processing PersistenceUnitInfo [name: default]
2020-07-28 23:06:42,476 WARN org.springframework.context.support.AbstractApplicationContext [restartedMain] Exception encountered during context initialization - cancelling refresh attempt: org.springframework.beans.factory.UnsatisfiedDependencyException: Error creating bean with name 'paltaResource' defined in file [/home/gleidson/IdeaProjects/dbc-1/api/build/classes/java/main/br/com/dbccompany/api/resource/v1/PaltaResource.class]: Unsatisfied dependency expressed through constructor parameter 0; nested exception is org.springframework.beans.factory.NoSuchBeanDefinitionException: No qualifying bean of type 'br.com.dbccompany.core.service.PaltaService' available: expected at least 1 bean which qualifies as autowire candidate. Dependency annotations: {}
2020-07-28 23:06:42,476 INFO org.springframework.orm.jpa.AbstractEntityManagerFactoryBean [restartedMain] Closing JPA EntityManagerFactory for persistence unit 'default'
2020-07-28 23:06:42,496 INFO org.hibernate.Version [task-1] HHH000412: Hibernate ORM core version 5.4.18.Final
2020-07-28 23:06:42,568 INFO org.hibernate.annotations.common.reflection.java.JavaReflectionManager [task-1] HCANN000001: Hibernate Commons Annotations {5.1.0.Final}
2020-07-28 23:06:42,699 INFO org.hibernate.dialect.Dialect [task-1] HHH000400: Using dialect: org.hibernate.dialect.PostgreSQL9Dialect
2020-07-28 23:06:42,856 INFO org.hibernate.engine.transaction.jta.platform.internal.JtaPlatformInitiator [task-1] HHH000490: Using JtaPlatform implementation: [org.hibernate.engine.transaction.jta.platform.internal.NoJtaPlatform]
2020-07-28 23:06:42,861 INFO org.springframework.orm.jpa.AbstractEntityManagerFactoryBean [task-1] Initialized JPA EntityManagerFactory for persistence unit 'default'
2020-07-28 23:06:42,863 INFO org.springframework.scheduling.concurrent.ExecutorConfigurationSupport [restartedMain] Shutting down ExecutorService 'applicationTaskExecutor'
2020-07-28 23:06:42,864 INFO com.zaxxer.hikari.HikariDataSource [restartedMain] HikariPool-1 - Shutdown initiated...
2020-07-28 23:06:42,871 INFO com.zaxxer.hikari.HikariDataSource [restartedMain] HikariPool-1 - Shutdown completed.
2020-07-28 23:06:42,874 INFO org.apache.juli.logging.DirectJDKLog [restartedMain] Stopping service [Tomcat]
2020-07-28 23:06:42,888 INFO org.springframework.boot.autoconfigure.logging.ConditionEvaluationReportLoggingListener [restartedMain] 

Error starting ApplicationContext. To display the conditions report re-run your application with 'debug' enabled.
2020-07-28 23:06:42,997 ERROR org.springframework.boot.diagnostics.LoggingFailureAnalysisReporter [restartedMain] 

***************************
APPLICATION FAILED TO START
***************************

Description:

Parameter 0 of constructor in br.com.dbccompany.api.resource.v1.PaltaResource required a bean of type 'br.com.dbccompany.core.service.PaltaService' that could not be found.


Action:

Consider defining a bean of type 'br.com.dbccompany.core.service.PaltaService' in your configuration.

2020-07-28 23:07:57,444 INFO org.springframework.boot.StartupInfoLogger [restartedMain] Starting ApiApplication on gleidson-accer with PID 16457 (/home/gleidson/IdeaProjects/dbc-1/api/build/classes/java/main started by gleidson in /home/gleidson/IdeaProjects/dbc-1/api)
2020-07-28 23:07:57,446 INFO org.springframework.boot.SpringApplication [restartedMain] No active profile set, falling back to default profiles: default
2020-07-28 23:07:57,493 INFO org.springframework.boot.logging.DeferredLog [restartedMain] Devtools property defaults active! Set 'spring.devtools.add-properties' to 'false' to disable
2020-07-28 23:07:57,493 INFO org.springframework.boot.logging.DeferredLog [restartedMain] For additional web related logging consider setting the 'logging.level.web' property to 'DEBUG'
2020-07-28 23:07:58,227 INFO org.springframework.data.repository.config.RepositoryConfigurationDelegate [restartedMain] Multiple Spring Data modules found, entering strict repository configuration mode!
2020-07-28 23:07:58,227 INFO org.springframework.data.repository.config.RepositoryConfigurationDelegate [restartedMain] Bootstrapping Spring Data JDBC repositories in DEFAULT mode.
2020-07-28 23:07:58,252 INFO org.springframework.data.repository.config.RepositoryConfigurationExtensionSupport [restartedMain] Spring Data JDBC - Could not safely identify store assignment for repository candidate interface br.com.dbccompany.core.repository.PaltaRepository. If you want this repository to be a JDBC repository, consider annotating your entities with one of these annotations: org.springframework.data.relational.core.mapping.Table.
2020-07-28 23:07:58,255 INFO org.springframework.data.repository.config.RepositoryConfigurationDelegate [restartedMain] Finished Spring Data repository scanning in 24ms. Found 0 JDBC repository interfaces.
2020-07-28 23:07:58,264 INFO org.springframework.data.repository.config.RepositoryConfigurationDelegate [restartedMain] Multiple Spring Data modules found, entering strict repository configuration mode!
2020-07-28 23:07:58,264 INFO org.springframework.data.repository.config.RepositoryConfigurationDelegate [restartedMain] Bootstrapping Spring Data JPA repositories in DEFERRED mode.
2020-07-28 23:07:58,286 INFO org.springframework.data.repository.config.RepositoryConfigurationDelegate [restartedMain] Finished Spring Data repository scanning in 19ms. Found 1 JPA repository interfaces.
2020-07-28 23:07:58,779 INFO org.springframework.boot.web.embedded.tomcat.TomcatWebServer [restartedMain] Tomcat initialized with port(s): 8080 (http)
2020-07-28 23:07:58,786 INFO org.apache.juli.logging.DirectJDKLog [restartedMain] Initializing ProtocolHandler ["http-nio-8080"]
2020-07-28 23:07:58,786 INFO org.apache.juli.logging.DirectJDKLog [restartedMain] Starting service [Tomcat]
2020-07-28 23:07:58,786 INFO org.apache.juli.logging.DirectJDKLog [restartedMain] Starting Servlet engine: [Apache Tomcat/9.0.37]
2020-07-28 23:07:58,855 INFO org.apache.juli.logging.DirectJDKLog [restartedMain] Initializing Spring embedded WebApplicationContext
2020-07-28 23:07:58,856 INFO org.springframework.boot.web.servlet.context.ServletWebServerApplicationContext [restartedMain] Root WebApplicationContext: initialization completed in 1363 ms
2020-07-28 23:07:59,015 INFO com.zaxxer.hikari.HikariDataSource [restartedMain] HikariPool-1 - Starting...
2020-07-28 23:07:59,081 INFO com.zaxxer.hikari.HikariDataSource [restartedMain] HikariPool-1 - Start completed.
2020-07-28 23:07:59,091 INFO org.springframework.boot.autoconfigure.h2.H2ConsoleAutoConfiguration [restartedMain] H2 console available at '/h2-console'. Database available at 'jdbc:postgresql://localhost:5432/sicred'
2020-07-28 23:07:59,227 INFO org.flywaydb.core.internal.logging.slf4j.Slf4jLog [restartedMain] Flyway Community Edition 6.4.4 by Redgate
2020-07-28 23:07:59,235 INFO org.flywaydb.core.internal.logging.slf4j.Slf4jLog [restartedMain] Database: jdbc:postgresql://localhost:5432/sicred (PostgreSQL 12.3)
2020-07-28 23:07:59,250 INFO org.flywaydb.core.internal.logging.slf4j.Slf4jLog [restartedMain] Successfully validated 0 migrations (execution time 00:00.006s)
2020-07-28 23:07:59,251 WARN org.flywaydb.core.internal.logging.slf4j.Slf4jLog [restartedMain] No migrations found. Are your locations set up correctly?
2020-07-28 23:07:59,256 INFO org.flywaydb.core.internal.logging.slf4j.Slf4jLog [restartedMain] Current version of schema "public": << Empty Schema >>
2020-07-28 23:07:59,258 INFO org.flywaydb.core.internal.logging.slf4j.Slf4jLog [restartedMain] Schema "public" is up to date. No migration necessary.
2020-07-28 23:07:59,389 INFO org.springframework.scheduling.concurrent.ExecutorConfigurationSupport [restartedMain] Initializing ExecutorService 'applicationTaskExecutor'
2020-07-28 23:07:59,424 INFO org.hibernate.jpa.internal.util.LogHelper [task-1] HHH000204: Processing PersistenceUnitInfo [name: default]
2020-07-28 23:07:59,461 INFO org.hibernate.Version [task-1] HHH000412: Hibernate ORM core version 5.4.18.Final
2020-07-28 23:07:59,622 INFO org.hibernate.annotations.common.reflection.java.JavaReflectionManager [task-1] HCANN000001: Hibernate Commons Annotations {5.1.0.Final}
2020-07-28 23:07:59,708 INFO org.hibernate.dialect.Dialect [task-1] HHH000400: Using dialect: org.hibernate.dialect.PostgreSQL9Dialect
2020-07-28 23:08:00,039 INFO org.hibernate.engine.transaction.jta.platform.internal.JtaPlatformInitiator [task-1] HHH000490: Using JtaPlatform implementation: [org.hibernate.engine.transaction.jta.platform.internal.NoJtaPlatform]
2020-07-28 23:08:00,044 INFO org.springframework.orm.jpa.AbstractEntityManagerFactoryBean [task-1] Initialized JPA EntityManagerFactory for persistence unit 'default'
2020-07-28 23:08:01,368 INFO org.springframework.boot.devtools.autoconfigure.OptionalLiveReloadServer [restartedMain] LiveReload server is running on port 35729
2020-07-28 23:08:01,376 INFO org.springframework.boot.actuate.endpoint.web.EndpointLinksResolver [restartedMain] Exposing 2 endpoint(s) beneath base path '/actuator'
2020-07-28 23:08:01,409 INFO org.apache.juli.logging.DirectJDKLog [restartedMain] Starting ProtocolHandler ["http-nio-8080"]
2020-07-28 23:08:01,422 INFO org.springframework.boot.web.embedded.tomcat.TomcatWebServer [restartedMain] Tomcat started on port(s): 8080 (http) with context path ''
2020-07-28 23:08:01,424 INFO org.springframework.data.repository.config.DeferredRepositoryInitializationListener [restartedMain] Triggering deferred initialization of Spring Data repositories…
2020-07-28 23:08:01,461 INFO org.springframework.data.repository.config.DeferredRepositoryInitializationListener [restartedMain] Spring Data repositories initialized!
2020-07-28 23:08:01,478 INFO org.springframework.boot.StartupInfoLogger [restartedMain] Started ApiApplication in 4.348 seconds (JVM running for 4.714)
2020-07-28 23:08:16,210 INFO org.springframework.orm.jpa.AbstractEntityManagerFactoryBean [SpringContextShutdownHook] Closing JPA EntityManagerFactory for persistence unit 'default'
2020-07-28 23:08:16,213 INFO org.springframework.scheduling.concurrent.ExecutorConfigurationSupport [SpringContextShutdownHook] Shutting down ExecutorService 'applicationTaskExecutor'
2020-07-28 23:08:16,216 INFO com.zaxxer.hikari.HikariDataSource [SpringContextShutdownHook] HikariPool-1 - Shutdown initiated...
2020-07-28 23:08:16,225 INFO com.zaxxer.hikari.HikariDataSource [SpringContextShutdownHook] HikariPool-1 - Shutdown completed.
2020-07-28 23:08:36,695 INFO org.springframework.boot.StartupInfoLogger [Test worker] Starting PaltaTest on gleidson-accer with PID 16636 (started by gleidson in /home/gleidson/IdeaProjects/dbc-1/api)
2020-07-28 23:08:36,698 INFO org.springframework.boot.SpringApplication [Test worker] The following profiles are active: test
2020-07-28 23:08:38,140 INFO org.springframework.data.repository.config.RepositoryConfigurationDelegate [Test worker] Multiple Spring Data modules found, entering strict repository configuration mode!
2020-07-28 23:08:38,142 INFO org.springframework.data.repository.config.RepositoryConfigurationDelegate [Test worker] Bootstrapping Spring Data JDBC repositories in DEFAULT mode.
2020-07-28 23:08:38,199 INFO org.springframework.data.repository.config.RepositoryConfigurationExtensionSupport [Test worker] Spring Data JDBC - Could not safely identify store assignment for repository candidate interface br.com.dbccompany.core.repository.PaltaRepository. If you want this repository to be a JDBC repository, consider annotating your entities with one of these annotations: org.springframework.data.relational.core.mapping.Table.
2020-07-28 23:08:38,206 INFO org.springframework.data.repository.config.RepositoryConfigurationDelegate [Test worker] Finished Spring Data repository scanning in 57ms. Found 0 JDBC repository interfaces.
2020-07-28 23:08:38,230 INFO org.springframework.data.repository.config.RepositoryConfigurationDelegate [Test worker] Multiple Spring Data modules found, entering strict repository configuration mode!
2020-07-28 23:08:38,235 INFO org.springframework.data.repository.config.RepositoryConfigurationDelegate [Test worker] Bootstrapping Spring Data JPA repositories in DEFERRED mode.
2020-07-28 23:08:38,268 INFO org.springframework.data.repository.config.RepositoryConfigurationDelegate [Test worker] Finished Spring Data repository scanning in 28ms. Found 1 JPA repository interfaces.
2020-07-28 23:08:39,174 INFO org.springframework.boot.web.embedded.tomcat.TomcatWebServer [Test worker] Tomcat initialized with port(s): 0 (http)
2020-07-28 23:08:39,187 INFO org.apache.juli.logging.DirectJDKLog [Test worker] Initializing ProtocolHandler ["http-nio-auto-1"]
2020-07-28 23:08:39,188 INFO org.apache.juli.logging.DirectJDKLog [Test worker] Starting service [Tomcat]
2020-07-28 23:08:39,188 INFO org.apache.juli.logging.DirectJDKLog [Test worker] Starting Servlet engine: [Apache Tomcat/9.0.37]
2020-07-28 23:08:39,295 INFO org.apache.juli.logging.DirectJDKLog [Test worker] Initializing Spring embedded WebApplicationContext
2020-07-28 23:08:39,296 INFO org.springframework.boot.web.servlet.context.ServletWebServerApplicationContext [Test worker] Root WebApplicationContext: initialization completed in 2370 ms
2020-07-28 23:08:39,682 INFO org.flywaydb.core.internal.logging.slf4j.Slf4jLog [Test worker] Flyway Community Edition 6.4.4 by Redgate
2020-07-28 23:08:39,688 INFO com.zaxxer.hikari.HikariDataSource [Test worker] HikariPool-1 - Starting...
2020-07-28 23:08:39,880 INFO com.zaxxer.hikari.HikariDataSource [Test worker] HikariPool-1 - Start completed.
2020-07-28 23:08:39,904 INFO org.flywaydb.core.internal.logging.slf4j.Slf4jLog [Test worker] Database: jdbc:h2:mem:testdb (H2 1.4)
2020-07-28 23:08:40,009 INFO org.flywaydb.core.internal.logging.slf4j.Slf4jLog [Test worker] Successfully validated 0 migrations (execution time 00:00.019s)
2020-07-28 23:08:40,011 WARN org.flywaydb.core.internal.logging.slf4j.Slf4jLog [Test worker] No migrations found. Are your locations set up correctly?
2020-07-28 23:08:40,038 INFO org.flywaydb.core.internal.logging.slf4j.Slf4jLog [Test worker] Creating Schema History table "PUBLIC"."flyway_schema_history" ...
2020-07-28 23:08:40,091 INFO org.flywaydb.core.internal.logging.slf4j.Slf4jLog [Test worker] Current version of schema "PUBLIC": << Empty Schema >>
2020-07-28 23:08:40,098 INFO org.flywaydb.core.internal.logging.slf4j.Slf4jLog [Test worker] Schema "PUBLIC" is up to date. No migration necessary.
2020-07-28 23:08:40,255 INFO org.springframework.scheduling.concurrent.ExecutorConfigurationSupport [Test worker] Initializing ExecutorService 'applicationTaskExecutor'
2020-07-28 23:08:40,326 INFO org.hibernate.jpa.internal.util.LogHelper [task-1] HHH000204: Processing PersistenceUnitInfo [name: default]
2020-07-28 23:08:40,404 INFO org.hibernate.Version [task-1] HHH000412: Hibernate ORM core version 5.4.18.Final
2020-07-28 23:08:40,598 INFO org.hibernate.annotations.common.reflection.java.JavaReflectionManager [task-1] HCANN000001: Hibernate Commons Annotations {5.1.0.Final}
2020-07-28 23:08:40,729 INFO org.hibernate.dialect.Dialect [task-1] HHH000400: Using dialect: org.hibernate.dialect.PostgreSQL9Dialect
2020-07-28 23:08:41,420 INFO org.hibernate.engine.transaction.jta.platform.internal.JtaPlatformInitiator [task-1] HHH000490: Using JtaPlatform implementation: [org.hibernate.engine.transaction.jta.platform.internal.NoJtaPlatform]
2020-07-28 23:08:41,428 INFO org.springframework.orm.jpa.AbstractEntityManagerFactoryBean [task-1] Initialized JPA EntityManagerFactory for persistence unit 'default'
2020-07-28 23:08:42,055 INFO wiremock.org.eclipse.jetty.util.log.Log [Test worker] Logging initialized @7104ms
2020-07-28 23:08:44,632 INFO org.springframework.boot.actuate.endpoint.web.EndpointLinksResolver [Test worker] Exposing 2 endpoint(s) beneath base path '/actuator'
2020-07-28 23:08:44,782 INFO wiremock.org.eclipse.jetty.server.Server [Test worker] jetty-9.2.z-SNAPSHOT
2020-07-28 23:08:44,802 INFO wiremock.org.eclipse.jetty.server.handler.ContextHandler [Test worker] Started w.o.e.j.s.ServletContextHandler@4444b8e7{/__admin,null,AVAILABLE}
2020-07-28 23:08:44,803 INFO wiremock.org.eclipse.jetty.server.handler.ContextHandler [Test worker] Started w.o.e.j.s.ServletContextHandler@2db0c0a0{/,null,AVAILABLE}
2020-07-28 23:08:44,809 INFO wiremock.org.eclipse.jetty.server.AbstractConnector [Test worker] Started NetworkTrafficServerConnector@624e9575{HTTP/1.1}{0.0.0.0:10960}
2020-07-28 23:08:44,810 INFO wiremock.org.eclipse.jetty.server.Server [Test worker] Started @9859ms
2020-07-28 23:08:44,811 INFO org.apache.juli.logging.DirectJDKLog [Test worker] Starting ProtocolHandler ["http-nio-auto-1"]
2020-07-28 23:08:44,842 INFO org.springframework.boot.web.embedded.tomcat.TomcatWebServer [Test worker] Tomcat started on port(s): 34969 (http) with context path ''
2020-07-28 23:08:44,844 INFO org.springframework.data.repository.config.DeferredRepositoryInitializationListener [Test worker] Triggering deferred initialization of Spring Data repositories…
2020-07-28 23:08:44,891 INFO org.springframework.data.repository.config.DeferredRepositoryInitializationListener [Test worker] Spring Data repositories initialized!
2020-07-28 23:08:44,906 INFO org.springframework.boot.StartupInfoLogger [Test worker] Started PaltaTest in 8.808 seconds (JVM running for 9.955)
2020-07-28 23:08:45,098 INFO org.apache.juli.logging.DirectJDKLog [Test worker] Initializing Spring TestDispatcherServlet ''
2020-07-28 23:08:45,098 INFO org.springframework.web.servlet.FrameworkServlet [Test worker] Initializing Servlet ''
2020-07-28 23:08:45,110 INFO org.springframework.web.servlet.FrameworkServlet [Test worker] Completed initialization in 12 ms
2020-07-28 23:08:45,244 WARN org.springframework.web.servlet.handler.AbstractHandlerExceptionResolver [Test worker] Resolved [org.springframework.http.converter.HttpMessageNotReadableException: Required request body is missing: public org.springframework.http.ResponseEntity<br.com.dbccompany.api.response.v1.PaltaResponse> br.com.dbccompany.api.resource.v1.PaltaResource.create(br.com.dbccompany.api.request.v1.PaltaRequest)]
2020-07-28 23:08:45,525 INFO wiremock.org.eclipse.jetty.server.AbstractConnector [SpringContextShutdownHook] Stopped NetworkTrafficServerConnector@624e9575{HTTP/1.1}{0.0.0.0:10960}
2020-07-28 23:08:45,526 INFO wiremock.org.eclipse.jetty.server.handler.ContextHandler [SpringContextShutdownHook] Stopped w.o.e.j.s.ServletContextHandler@2db0c0a0{/,null,UNAVAILABLE}
2020-07-28 23:08:45,527 INFO wiremock.org.eclipse.jetty.server.handler.ContextHandler [SpringContextShutdownHook] Stopped w.o.e.j.s.ServletContextHandler@4444b8e7{/__admin,null,UNAVAILABLE}
2020-07-28 23:08:45,542 INFO org.springframework.orm.jpa.AbstractEntityManagerFactoryBean [SpringContextShutdownHook] Closing JPA EntityManagerFactory for persistence unit 'default'
2020-07-28 23:08:45,547 INFO org.springframework.scheduling.concurrent.ExecutorConfigurationSupport [SpringContextShutdownHook] Shutting down ExecutorService 'applicationTaskExecutor'
2020-07-28 23:08:45,550 INFO com.zaxxer.hikari.HikariDataSource [SpringContextShutdownHook] HikariPool-1 - Shutdown initiated...
2020-07-28 23:08:45,556 INFO com.zaxxer.hikari.HikariDataSource [SpringContextShutdownHook] HikariPool-1 - Shutdown completed.
2020-07-28 23:10:03,767 INFO org.springframework.boot.StartupInfoLogger [Test worker] Starting PaltaTest on gleidson-accer with PID 16872 (started by gleidson in /home/gleidson/IdeaProjects/dbc-1/api)
2020-07-28 23:10:03,769 INFO org.springframework.boot.SpringApplication [Test worker] The following profiles are active: test
2020-07-28 23:10:05,189 INFO org.springframework.data.repository.config.RepositoryConfigurationDelegate [Test worker] Multiple Spring Data modules found, entering strict repository configuration mode!
2020-07-28 23:10:05,191 INFO org.springframework.data.repository.config.RepositoryConfigurationDelegate [Test worker] Bootstrapping Spring Data JDBC repositories in DEFAULT mode.
2020-07-28 23:10:05,234 INFO org.springframework.data.repository.config.RepositoryConfigurationExtensionSupport [Test worker] Spring Data JDBC - Could not safely identify store assignment for repository candidate interface br.com.dbccompany.core.repository.PaltaRepository. If you want this repository to be a JDBC repository, consider annotating your entities with one of these annotations: org.springframework.data.relational.core.mapping.Table.
2020-07-28 23:10:05,238 INFO org.springframework.data.repository.config.RepositoryConfigurationDelegate [Test worker] Finished Spring Data repository scanning in 40ms. Found 0 JDBC repository interfaces.
2020-07-28 23:10:05,261 INFO org.springframework.data.repository.config.RepositoryConfigurationDelegate [Test worker] Multiple Spring Data modules found, entering strict repository configuration mode!
2020-07-28 23:10:05,265 INFO org.springframework.data.repository.config.RepositoryConfigurationDelegate [Test worker] Bootstrapping Spring Data JPA repositories in DEFERRED mode.
2020-07-28 23:10:05,320 INFO org.springframework.data.repository.config.RepositoryConfigurationDelegate [Test worker] Finished Spring Data repository scanning in 49ms. Found 1 JPA repository interfaces.
2020-07-28 23:10:06,291 INFO org.springframework.boot.web.embedded.tomcat.TomcatWebServer [Test worker] Tomcat initialized with port(s): 0 (http)
2020-07-28 23:10:06,303 INFO org.apache.juli.logging.DirectJDKLog [Test worker] Initializing ProtocolHandler ["http-nio-auto-1"]
2020-07-28 23:10:06,304 INFO org.apache.juli.logging.DirectJDKLog [Test worker] Starting service [Tomcat]
2020-07-28 23:10:06,305 INFO org.apache.juli.logging.DirectJDKLog [Test worker] Starting Servlet engine: [Apache Tomcat/9.0.37]
2020-07-28 23:10:06,433 INFO org.apache.juli.logging.DirectJDKLog [Test worker] Initializing Spring embedded WebApplicationContext
2020-07-28 23:10:06,434 INFO org.springframework.boot.web.servlet.context.ServletWebServerApplicationContext [Test worker] Root WebApplicationContext: initialization completed in 2438 ms
2020-07-28 23:10:06,910 INFO org.flywaydb.core.internal.logging.slf4j.Slf4jLog [Test worker] Flyway Community Edition 6.4.4 by Redgate
2020-07-28 23:10:06,916 INFO com.zaxxer.hikari.HikariDataSource [Test worker] HikariPool-1 - Starting...
2020-07-28 23:10:07,099 INFO com.zaxxer.hikari.HikariDataSource [Test worker] HikariPool-1 - Start completed.
2020-07-28 23:10:07,117 INFO org.flywaydb.core.internal.logging.slf4j.Slf4jLog [Test worker] Database: jdbc:h2:mem:testdb (H2 1.4)
2020-07-28 23:10:07,176 INFO org.flywaydb.core.internal.logging.slf4j.Slf4jLog [Test worker] Successfully validated 0 migrations (execution time 00:00.017s)
2020-07-28 23:10:07,176 WARN org.flywaydb.core.internal.logging.slf4j.Slf4jLog [Test worker] No migrations found. Are your locations set up correctly?
2020-07-28 23:10:07,196 INFO org.flywaydb.core.internal.logging.slf4j.Slf4jLog [Test worker] Creating Schema History table "PUBLIC"."flyway_schema_history" ...
2020-07-28 23:10:07,265 INFO org.flywaydb.core.internal.logging.slf4j.Slf4jLog [Test worker] Current version of schema "PUBLIC": << Empty Schema >>
2020-07-28 23:10:07,271 INFO org.flywaydb.core.internal.logging.slf4j.Slf4jLog [Test worker] Schema "PUBLIC" is up to date. No migration necessary.
2020-07-28 23:10:07,452 INFO org.springframework.scheduling.concurrent.ExecutorConfigurationSupport [Test worker] Initializing ExecutorService 'applicationTaskExecutor'
2020-07-28 23:10:07,537 INFO org.hibernate.jpa.internal.util.LogHelper [task-1] HHH000204: Processing PersistenceUnitInfo [name: default]
2020-07-28 23:10:07,611 INFO org.hibernate.Version [task-1] HHH000412: Hibernate ORM core version 5.4.18.Final
2020-07-28 23:10:07,785 INFO org.hibernate.annotations.common.reflection.java.JavaReflectionManager [task-1] HCANN000001: Hibernate Commons Annotations {5.1.0.Final}
2020-07-28 23:10:07,907 INFO org.hibernate.dialect.Dialect [task-1] HHH000400: Using dialect: org.hibernate.dialect.PostgreSQL9Dialect
2020-07-28 23:10:08,513 INFO org.hibernate.engine.transaction.jta.platform.internal.JtaPlatformInitiator [task-1] HHH000490: Using JtaPlatform implementation: [org.hibernate.engine.transaction.jta.platform.internal.NoJtaPlatform]
2020-07-28 23:10:08,521 INFO org.springframework.orm.jpa.AbstractEntityManagerFactoryBean [task-1] Initialized JPA EntityManagerFactory for persistence unit 'default'
2020-07-28 23:10:09,173 INFO wiremock.org.eclipse.jetty.util.log.Log [Test worker] Logging initialized @7222ms
2020-07-28 23:10:11,681 INFO org.springframework.boot.actuate.endpoint.web.EndpointLinksResolver [Test worker] Exposing 2 endpoint(s) beneath base path '/actuator'
2020-07-28 23:10:11,847 INFO wiremock.org.eclipse.jetty.server.Server [Test worker] jetty-9.2.z-SNAPSHOT
2020-07-28 23:10:11,861 INFO wiremock.org.eclipse.jetty.server.handler.ContextHandler [Test worker] Started w.o.e.j.s.ServletContextHandler@69d9a022{/__admin,null,AVAILABLE}
2020-07-28 23:10:11,862 INFO wiremock.org.eclipse.jetty.server.handler.ContextHandler [Test worker] Started w.o.e.j.s.ServletContextHandler@271a8a58{/,null,AVAILABLE}
2020-07-28 23:10:11,869 INFO wiremock.org.eclipse.jetty.server.AbstractConnector [Test worker] Started NetworkTrafficServerConnector@41153e26{HTTP/1.1}{0.0.0.0:10416}
2020-07-28 23:10:11,870 INFO wiremock.org.eclipse.jetty.server.Server [Test worker] Started @9920ms
2020-07-28 23:10:11,871 INFO org.apache.juli.logging.DirectJDKLog [Test worker] Starting ProtocolHandler ["http-nio-auto-1"]
2020-07-28 23:10:11,910 INFO org.springframework.boot.web.embedded.tomcat.TomcatWebServer [Test worker] Tomcat started on port(s): 44425 (http) with context path ''
2020-07-28 23:10:11,913 INFO org.springframework.data.repository.config.DeferredRepositoryInitializationListener [Test worker] Triggering deferred initialization of Spring Data repositories…
2020-07-28 23:10:11,970 INFO org.springframework.data.repository.config.DeferredRepositoryInitializationListener [Test worker] Spring Data repositories initialized!
2020-07-28 23:10:12,000 INFO org.springframework.boot.StartupInfoLogger [Test worker] Started PaltaTest in 8.769 seconds (JVM running for 10.049)
2020-07-28 23:10:12,182 INFO org.apache.juli.logging.DirectJDKLog [Test worker] Initializing Spring TestDispatcherServlet ''
2020-07-28 23:10:12,183 INFO org.springframework.web.servlet.FrameworkServlet [Test worker] Initializing Servlet ''
2020-07-28 23:10:12,200 INFO org.springframework.web.servlet.FrameworkServlet [Test worker] Completed initialization in 17 ms
2020-07-28 23:10:12,407 WARN org.springframework.web.servlet.handler.AbstractHandlerExceptionResolver [Test worker] Resolved [org.springframework.http.converter.HttpMessageNotReadableException: Required request body is missing: public org.springframework.http.ResponseEntity<br.com.dbccompany.api.response.v1.PaltaResponse> br.com.dbccompany.api.resource.v1.PaltaResource.create(br.com.dbccompany.api.request.v1.PaltaRequest)]
2020-07-28 23:10:12,719 INFO wiremock.org.eclipse.jetty.server.AbstractConnector [SpringContextShutdownHook] Stopped NetworkTrafficServerConnector@41153e26{HTTP/1.1}{0.0.0.0:10416}
2020-07-28 23:10:12,721 INFO wiremock.org.eclipse.jetty.server.handler.ContextHandler [SpringContextShutdownHook] Stopped w.o.e.j.s.ServletContextHandler@271a8a58{/,null,UNAVAILABLE}
2020-07-28 23:10:12,722 INFO wiremock.org.eclipse.jetty.server.handler.ContextHandler [SpringContextShutdownHook] Stopped w.o.e.j.s.ServletContextHandler@69d9a022{/__admin,null,UNAVAILABLE}
2020-07-28 23:10:12,723 WARN wiremock.org.eclipse.jetty.util.thread.QueuedThreadPool [SpringContextShutdownHook] qtp1030866276{STOPPING,8<=8<=10,i=1,q=0} Couldn't stop Thread[qtp1030866276-76,5,]
2020-07-28 23:10:12,733 INFO org.springframework.orm.jpa.AbstractEntityManagerFactoryBean [SpringContextShutdownHook] Closing JPA EntityManagerFactory for persistence unit 'default'
2020-07-28 23:10:12,735 INFO org.springframework.scheduling.concurrent.ExecutorConfigurationSupport [SpringContextShutdownHook] Shutting down ExecutorService 'applicationTaskExecutor'
2020-07-28 23:10:12,736 INFO com.zaxxer.hikari.HikariDataSource [SpringContextShutdownHook] HikariPool-1 - Shutdown initiated...
2020-07-28 23:10:12,740 INFO com.zaxxer.hikari.HikariDataSource [SpringContextShutdownHook] HikariPool-1 - Shutdown completed.
